<?xml version="1.0" encoding="UTF-8"?>
<testng-results skipped="0" failed="0" total="1" passed="1">
  <reporter-output>
  </reporter-output>
  <suite name="Suite" duration-ms="32067" started-at="2020-05-01T17:52:12Z" finished-at="2020-05-01T17:52:44Z">
    <groups>
    </groups>
    <test name="Test" duration-ms="32067" started-at="2020-05-01T17:52:12Z" finished-at="2020-05-01T17:52:44Z">
      <class name="test.Demo">
        <test-method status="PASS" signature="DemoClass()[pri:0, instance:test.Demo@2fd66ad3]" name="DemoClass" duration-ms="32067" started-at="2020-05-01T23:22:12Z" finished-at="2020-05-01T23:22:44Z">
          <reporter-output>
          </reporter-output>
        </test-method> <!-- DemoClass -->
      </class> <!-- test.Demo -->
    </test> <!-- Test -->
  </suite> <!-- Suite -->
</testng-results>
